<?xml version="1.0" encoding="UTF-8"?>
<!-- Generated by org.testng.reporters.JUnitReportReporter -->
<testsuite hostname="LAPTOP-G0MP1LNB" failures="0" tests="1" name="Listeners.createlead" time="6.902" errors="0" timestamp="2025-04-05T08:58:09 IST" skipped="0">
  <testcase classname="Listeners.createlead" name="credentials" time="6.902"/>
</testsuite> <!-- Listeners.createlead -->
