<?xml version="1.0" encoding="UTF-8"?>
<!-- Generated by org.testng.reporters.JUnitReportReporter -->
<testsuite hostname="LAPTOP-G0MP1LNB" failures="0" tests="1" name="POM.createLeadData" time="6.333" errors="0" timestamp="2025-04-10T10:07:33 IST" skipped="0">
  <testcase classname="POM.createLeadData" name="createdata" time="6.333"/>
</testsuite> <!-- POM.createLeadData -->
