<?xml version="1.0" encoding="UTF-8"?>
<!-- Generated by org.testng.reporters.JUnitReportReporter -->
<testsuite hostname="LAPTOP-G0MP1LNB" failures="0" tests="1" name="Parameter.Login" time="3.830" errors="0" timestamp="2025-03-28T09:43:16 IST" skipped="0">
  <testcase classname="Parameter.Login" name="credentials" time="3.830"/>
</testsuite> <!-- Parameter.Login -->
