<?xml version="1.0" encoding="UTF-8"?>
<!-- Generated by org.testng.reporters.JUnitReportReporter -->
<testsuite hostname="LAPTOP-G0MP1LNB" failures="0" tests="3" name="login.creds" time="2.043" errors="0" timestamp="2025-04-18T10:46:11 IST" skipped="0">
  <testcase classname="login.creds" name="openURL" time="1.670"/>
  <testcase classname="login.creds" name="Credentials" time="0.261"/>
  <testcase classname="login.creds" name="submit" time="0.112"/>
</testsuite> <!-- login.creds -->
