<?xml version="1.0" encoding="UTF-8"?>
<!-- Generated by org.testng.reporters.JUnitReportReporter -->
<testsuite hostname="LAPTOP-G0MP1LNB" failures="0" tests="1" name="POM.Logindata" time="3.471" errors="0" timestamp="2025-04-08T09:52:38 IST" skipped="0">
  <testcase classname="POM.Logindata" name="LoginTest" time="3.471"/>
</testsuite> <!-- POM.Logindata -->
