<?xml version="1.0" encoding="UTF-8"?>
<!-- Generated by org.testng.reporters.JUnitReportReporter -->
<testsuite hostname="LAPTOP-G0MP1LNB" failures="0" tests="3" name="login.creds" time="1.384" errors="0" timestamp="2025-04-15T09:54:52 IST" skipped="0">
  <testcase classname="login.creds" name="openURL" time="1.011"/>
  <testcase classname="login.creds" name="Credentials" time="0.297"/>
  <testcase classname="login.creds" name="submit" time="0.076"/>
</testsuite> <!-- login.creds -->
