<?xml version="1.0" encoding="UTF-8"?>
<!-- Generated by org.testng.reporters.JUnitReportReporter -->
<testsuite hostname="LAPTOP-G0MP1LNB" failures="0" tests="3" name="Factory.Lead" time="26.312" errors="0" timestamp="2025-04-01T10:18:43 IST" skipped="0">
  <testcase classname="Factory.Lead" name="createLead" time="7.910"/>
  <testcase classname="Factory.Lead" name="createLead" time="9.098"/>
  <testcase classname="Factory.Lead" name="createLead" time="9.304"/>
</testsuite> <!-- Factory.Lead -->
