<?xml version="1.0" encoding="UTF-8"?>
<!-- Generated by org.testng.reporters.JUnitReportReporter -->
<testsuite hostname="LAPTOP-G0MP1LNB" failures="0" tests="3" name="TestNg.FirstTestcase" time="0.018" errors="0" timestamp="2025-03-25T09:37:43 IST" skipped="0">
  <testcase classname="TestNg.FirstTestcase" name="logout" time="0.016"/>
  <testcase classname="TestNg.FirstTestcase" name="Login" time="0.001"/>
  <testcase classname="TestNg.FirstTestcase" name="openapp" time="0.001"/>
</testsuite> <!-- TestNg.FirstTestcase -->
