<?xml version="1.0" encoding="UTF-8"?>
<!-- Generated by org.testng.reporters.JUnitReportReporter -->
<testsuite hostname="LAPTOP-G0MP1LNB" failures="0" tests="3" name="TestNg.CRMLogin" time="1.395" errors="0" timestamp="2025-03-25T10:02:51 IST" skipped="0">
  <testcase classname="TestNg.CRMLogin" name="openURL" time="1.048"/>
  <testcase classname="TestNg.CRMLogin" name="Credentials" time="0.265"/>
  <testcase classname="TestNg.CRMLogin" name="submit" time="0.082"/>
</testsuite> <!-- TestNg.CRMLogin -->
