<?xml version="1.0" encoding="UTF-8"?>
<!-- Generated by org.testng.reporters.JUnitReportReporter -->
<testsuite hostname="LAPTOP-G0MP1LNB" failures="0" tests="3" name="login.creds" time="1.041" errors="0" timestamp="2025-04-19T09:06:26 IST" skipped="0">
  <testcase classname="login.creds" name="openURL" time="0.624"/>
  <testcase classname="login.creds" name="Credentials" time="0.317"/>
  <testcase classname="login.creds" name="submit" time="0.100"/>
</testsuite> <!-- login.creds -->
